<?xml version="1.0" encoding="UTF-8"?>
<!-- Generated by org.testng.reporters.JUnitReportReporter -->
<testsuite hostname="DESKTOP-91Q46ME" failures="0" tests="1" name="TestPack.TestClass" time="9.260" errors="0" timestamp="2025-08-18T10:40:09 IST" skipped="0">
  <testcase classname="TestPack.TestClass" name="checkoutEndToEnd" time="9.260"/>
</testsuite> <!-- TestPack.TestClass -->
